TN:
SF:src\types.ts
FNF:0
FNH:0
LF:0
LH:0
BRF:0
BRH:0
end_of_record
TN:
SF:src\components\ConfirmDeleteDialog.tsx
FN:11,ConfirmDeleteDialog
FNF:1
FNH:1
FNDA:19,ConfirmDeleteDialog
DA:17,19
LF:1
LH:1
BRDA:23,0,0,5
BRDA:23,0,1,14
BRF:2
BRH:2
end_of_record
TN:
SF:src\components\LabeledInput.tsx
FN:11,LabeledInput
FNF:1
FNH:1
FNDA:310,LabeledInput
DA:5,1
DA:12,310
LF:2
LH:2
BRDA:17,0,0,310
BRDA:17,0,1,0
BRF:2
BRH:1
end_of_record
TN:
SF:src\components\PaymentInfoSection.tsx
FN:17,PaymentInfoSection
FN:26,(anonymous_1)
FN:34,(anonymous_2)
FN:41,(anonymous_3)
FN:50,(anonymous_4)
FNF:5
FNH:5
FNDA:31,PaymentInfoSection
FNDA:3,(anonymous_1)
FNDA:2,(anonymous_2)
FNDA:2,(anonymous_3)
FNDA:2,(anonymous_4)
DA:18,31
DA:26,3
DA:34,2
DA:41,2
DA:50,2
LF:5
LH:5
BRF:0
BRH:0
end_of_record
TN:
SF:src\components\ShippingInfoSection.tsx
FN:16,ShippingInfoSection
FN:25,(anonymous_1)
FN:32,(anonymous_2)
FN:40,(anonymous_3)
FNF:4
FNH:4
FNDA:31,ShippingInfoSection
FNDA:3,(anonymous_1)
FNDA:2,(anonymous_2)
FNDA:2,(anonymous_3)
DA:17,31
DA:25,3
DA:32,2
DA:40,2
LF:4
LH:4
BRF:0
BRH:0
end_of_record
TN:
SF:src\components\StatusBadge.tsx
FN:4,StatusBadge
FNF:1
FNH:1
FNDA:2,StatusBadge
DA:5,2
DA:6,2
DA:8,2
LF:3
LH:3
BRDA:5,0,0,1
BRDA:5,0,1,1
BRDA:6,1,0,1
BRDA:6,1,1,1
BRF:4
BRH:4
end_of_record
TN:
SF:src\components\TaskCard.tsx
FN:11,TaskCard
FN:11,(anonymous_1)
FN:17,(anonymous_2)
FN:26,(anonymous_3)
FNF:4
FNH:3
FNDA:15,TaskCard
FNDA:0,(anonymous_1)
FNDA:1,(anonymous_2)
FNDA:2,(anonymous_3)
DA:12,15
DA:13,15
DA:17,1
DA:26,2
LF:4
LH:4
BRDA:11,0,0,7
BRDA:19,1,0,4
BRDA:19,1,1,11
BRDA:21,2,0,4
BRDA:21,2,1,11
BRDA:22,3,0,4
BRDA:22,3,1,11
BRF:7
BRH:7
end_of_record
TN:
SF:src\components\TaskForm.tsx
FN:8,TaskForm
FN:11,(anonymous_1)
FNF:2
FNH:2
FNDA:26,TaskForm
FNDA:6,(anonymous_1)
DA:9,26
DA:11,26
DA:12,6
DA:13,5
DA:14,5
DA:17,26
LF:6
LH:6
BRDA:12,0,0,1
BRDA:12,0,1,5
BRF:2
BRH:2
end_of_record
TN:
SF:src\components\TaskList.tsx
FN:12,TaskList
FN:12,(anonymous_1)
FN:12,(anonymous_2)
FN:26,(anonymous_3)
FN:27,(anonymous_4)
FNF:5
FNH:3
FNDA:18,TaskList
FNDA:0,(anonymous_1)
FNDA:0,(anonymous_2)
FNDA:13,(anonymous_3)
FNDA:8,(anonymous_4)
DA:13,18
DA:14,11
DA:17,7
DA:26,13
DA:27,8
LF:5
LH:5
BRDA:12,0,0,3
BRDA:12,1,0,3
BRDA:13,2,0,11
BRDA:13,2,1,7
BRDA:20,3,0,6
BRDA:20,3,1,1
BRF:6
BRH:6
end_of_record
TN:
SF:src\components\UserInfoSection.tsx
FN:16,UserInfoSection
FN:25,(anonymous_1)
FN:34,(anonymous_2)
FN:42,(anonymous_3)
FNF:4
FNH:4
FNDA:31,UserInfoSection
FNDA:3,(anonymous_1)
FNDA:2,(anonymous_2)
FNDA:2,(anonymous_3)
DA:17,31
DA:25,3
DA:34,2
DA:42,2
LF:4
LH:4
BRF:0
BRH:0
end_of_record
TN:
SF:src\hooks\useCounter.ts
FN:3,useCounter
FN:6,(anonymous_1)
FN:6,(anonymous_2)
FN:7,(anonymous_3)
FN:7,(anonymous_4)
FN:8,(anonymous_5)
FNF:6
FNH:6
FNDA:9,useCounter
FNDA:3,(anonymous_1)
FNDA:3,(anonymous_2)
FNDA:1,(anonymous_3)
FNDA:1,(anonymous_4)
FNDA:1,(anonymous_5)
DA:4,9
DA:6,9
DA:7,9
DA:8,9
DA:10,9
LF:5
LH:5
BRDA:3,0,0,3
BRF:1
BRH:1
end_of_record
TN:
SF:src\hooks\useCreateTask.ts
FN:8,useCreateTask
FN:13,(anonymous_1)
FN:15,(anonymous_2)
FN:18,(anonymous_3)
FN:19,(anonymous_4)
FN:24,(anonymous_5)
FN:27,(anonymous_6)
FN:30,(anonymous_7)
FN:34,(anonymous_8)
FN:41,(anonymous_9)
FN:42,(anonymous_10)
FN:42,(anonymous_11)
FN:45,(anonymous_12)
FN:46,(anonymous_13)
FN:47,(anonymous_14)
FNF:15
FNH:13
FNDA:23,useCreateTask
FNDA:7,(anonymous_1)
FNDA:7,(anonymous_2)
FNDA:0,(anonymous_3)
FNDA:7,(anonymous_4)
FNDA:17,(anonymous_5)
FNDA:0,(anonymous_6)
FNDA:6,(anonymous_7)
FNDA:5,(anonymous_8)
FNDA:1,(anonymous_9)
FNDA:1,(anonymous_10)
FNDA:1,(anonymous_11)
FNDA:3,(anonymous_12)
FNDA:3,(anonymous_13)
FNDA:3,(anonymous_14)
DA:6,2
DA:9,23
DA:10,23
DA:11,23
DA:13,23
DA:14,7
DA:16,7
DA:20,7
DA:24,23
DA:26,17
DA:27,10
DA:30,23
DA:31,6
DA:32,6
DA:33,6
DA:34,5
DA:35,5
DA:37,1
DA:41,23
DA:42,1
DA:45,23
DA:46,3
DA:47,3
DA:48,3
DA:53,23
LF:25
LH:25
BRDA:16,0,0,1
BRDA:16,0,1,6
BRDA:26,1,0,7
BRDA:26,1,1,10
BRDA:48,2,0,3
BRDA:48,2,1,0
BRDA:48,3,0,1
BRDA:48,3,1,2
BRF:8
BRH:7
end_of_record
TN:
SF:src\hooks\useTaskList.ts
FN:4,useTaskList
FN:8,(anonymous_1)
FN:19,(anonymous_2)
FN:22,(anonymous_3)
FN:23,(anonymous_4)
FN:23,(anonymous_5)
FNF:6
FNH:6
FNDA:10,useTaskList
FNDA:4,(anonymous_1)
FNDA:2,(anonymous_2)
FNDA:1,(anonymous_3)
FNDA:1,(anonymous_4)
FNDA:2,(anonymous_5)
DA:5,10
DA:6,10
DA:8,10
DA:9,4
DA:10,2
DA:11,2
DA:13,2
DA:14,2
DA:19,2
DA:22,10
DA:23,2
DA:26,10
DA:28,10
LF:13
LH:13
BRDA:4,0,0,8
BRDA:9,1,0,2
BRDA:9,1,1,2
BRF:3
BRH:3
end_of_record
TN:
SF:src\schemas\taskSchema.ts
FNF:0
FNH:0
DA:3,1
DA:10,1
LF:2
LH:2
BRF:0
BRH:0
end_of_record
TN:
SF:src\screens\CheckoutScreen.tsx
FN:13,(anonymous_0)
FN:14,(anonymous_1)
FN:14,(anonymous_2)
FN:16,CheckoutScreen
FN:23,(anonymous_4)
FN:40,(anonymous_5)
FN:40,(anonymous_6)
FN:43,(anonymous_7)
FN:43,(anonymous_8)
FN:47,(anonymous_9)
FN:47,(anonymous_10)
FN:74,(anonymous_11)
FNF:12
FNH:11
FNDA:4,(anonymous_0)
FNDA:9,(anonymous_1)
FNDA:25,(anonymous_2)
FNDA:31,CheckoutScreen
FNDA:4,(anonymous_4)
FNDA:7,(anonymous_5)
FNDA:7,(anonymous_6)
FNDA:7,(anonymous_7)
FNDA:7,(anonymous_8)
FNDA:9,(anonymous_9)
FNDA:9,(anonymous_10)
FNDA:0,(anonymous_11)
DA:9,1
DA:10,1
DA:11,1
DA:13,1
DA:14,25
DA:17,31
DA:18,31
DA:19,31
DA:20,31
DA:21,31
DA:23,31
DA:24,4
DA:25,2
DA:26,2
DA:28,2
DA:31,31
DA:40,7
DA:43,7
DA:47,9
DA:74,0
LF:20
LH:19
BRDA:24,0,0,2
BRDA:24,0,1,2
BRDA:50,1,0,31
BRDA:50,1,1,9
BRDA:55,2,0,31
BRDA:55,2,1,2
BRDA:71,3,0,31
BRDA:71,3,1,31
BRF:8
BRH:8
end_of_record
TN:
SF:src\screens\CreateTaskScreen.tsx
FN:16,CreateTaskScreen
FN:22,(anonymous_1)
FN:43,(anonymous_2)
FN:48,(anonymous_3)
FN:64,(anonymous_4)
FN:65,(anonymous_5)
FNF:6
FNH:4
FNDA:15,CreateTaskScreen
FNDA:5,(anonymous_1)
FNDA:45,(anonymous_2)
FNDA:0,(anonymous_3)
FNDA:0,(anonymous_4)
FNDA:1,(anonymous_5)
DA:10,1
DA:17,15
DA:18,15
DA:19,15
DA:20,15
DA:22,15
DA:23,15
DA:25,15
DA:44,45
DA:45,45
DA:48,0
DA:64,0
DA:66,1
DA:67,1
LF:14
LH:12
BRDA:32,0,0,15
BRDA:32,0,1,6
BRDA:37,1,0,15
BRDA:37,1,1,1
BRDA:51,2,0,15
BRDA:51,2,1,30
BRDA:53,3,0,15
BRDA:53,3,1,30
BRDA:66,4,0,1
BRDA:66,4,1,0
BRF:10
BRH:9
end_of_record
TN:
SF:src\screens\HomeScreen.tsx
FN:21,HomeScreen
FN:30,(anonymous_1)
FNF:2
FNH:0
FNDA:0,HomeScreen
FNDA:0,(anonymous_1)
DA:6,0
DA:22,0
DA:24,0
DA:31,0
LF:4
LH:0
BRF:0
BRH:0
end_of_record
TN:
SF:src\services\taskService.ts
FN:7,fetchTasks
FN:13,createTask
FNF:2
FNH:2
FNDA:2,fetchTasks
FNDA:9,createTask
DA:5,3
DA:8,2
DA:9,2
DA:10,1
DA:14,9
DA:19,9
DA:20,7
LF:7
LH:7
BRDA:5,0,0,3
BRDA:5,0,1,3
BRDA:9,1,0,1
BRDA:9,1,1,1
BRDA:19,2,0,2
BRDA:19,2,1,7
BRF:6
BRH:6
end_of_record
TN:
SF:src\utils\filterTasks.ts
FN:7,filterTasksByStatus
FN:12,(anonymous_1)
FNF:2
FNH:2
FNDA:19,filterTasksByStatus
FNDA:8,(anonymous_1)
DA:5,2
DA:8,19
DA:9,1
DA:11,18
DA:12,8
LF:5
LH:5
BRDA:8,0,0,1
BRDA:8,0,1,18
BRDA:11,1,0,16
BRDA:11,1,1,2
BRF:4
BRH:4
end_of_record
TN:
SF:src\utils\validateTask.ts
FN:1,validateTaskTitle
FNF:1
FNH:1
FNDA:7,validateTaskTitle
DA:2,7
DA:3,2
DA:5,5
DA:6,1
DA:8,4
DA:9,1
DA:11,3
LF:7
LH:7
BRDA:2,0,0,2
BRDA:2,0,1,5
BRDA:2,1,0,7
BRDA:2,1,1,6
BRDA:5,2,0,1
BRDA:5,2,1,4
BRDA:8,3,0,1
BRDA:8,3,1,3
BRF:8
BRH:8
end_of_record
